{"uid":"a6edcc54f642abaf","name":"[TC-16] Login dengan user verified belum melengkapi bank_account **INSTITUSIONAL**","fullName":"Lender-Subscription-FP#test_login_user_verified_insert_fullname_manual_INSTITUTIONAL7","historyId":"9b3a54be443909615675c9a1f01c15a2","time":{"start":1686800396411,"stop":1686800425324,"duration":28913},"description":"\n    Melakukan login dengan user yang sudah terverified tetapi belum melengkapi bank_account.\n    (**expect:** tidak akan muncul popup perjanjian pada user, karena belum melengkapi bank_account)\n    \n    **Kondisi saat ini:**\n    [Menu Pengguna] -> [Menu Bank Account].\n    \n    Langkah-langkah ini meliputi ...\n\n","descriptionHtml":"<pre><code>Melakukan login dengan user yang sudah terverified tetapi belum melengkapi bank_account.\n(**expect:** tidak akan muncul popup perjanjian pada user, karena belum melengkapi bank_account)\n\n**Kondisi saat ini:**\n[Menu Pengguna] -&gt; [Menu Bank Account].\n\nLangkah-langkah ini meliputi ...\n</code></pre>\n","status":"broken","statusMessage":"Exception: Unexpected Element Found","statusTrace":"@allure.title(\"[TC-16] Login dengan user verified belum melengkapi bank_account **INSTITUSIONAL**\")\n    @allure.description(\"\"\"\n        Melakukan login dengan user yang sudah terverified tetapi belum melengkapi bank_account.\n        (**expect:** tidak akan muncul popup perjanjian pada user, karena belum melengkapi bank_account)\n    \n        **Kondisi saat ini:**\n        [Menu Pengguna] -> [Menu Bank Account].\n    \n        Langkah-langkah ini meliputi ...\n    \n    \"\"\")\n    def test_login_user_verified_insert_fullname_manual_INSTITUTIONAL7():\n        email = \"rramadan+testing@mekar.id\"\n        password = \"Testing1\"\n    \n        with allure.step(f\"Testing dengan email: {email}\"):\n>           browser = sign_agreement_negative_1(email, password, negative_test=True)\n\nLender-Subscription-FP.py:847: \n_ _ _ _ _ _ _ _ _ _ _ _ _ _ _ _ _ _ _ _ _ _ _ _ _ _ _ _ _ _ _ _ _ _ _ _ _ _ _ _ _ _ _ _ _ _ _ _ _ _ _ _ _ _ _ _ _ _ _ _ _ _ _ _ _ _ _ _ _ _ _ _ _ _ _ _ _ _ _ _ _ _ _ _ _ _ _ _ _ _ _ \n\nemail = 'rramadan+testing@mekar.id', password = 'Testing1', negative_test = True\n\n    @allure.title(\"Skenario Sign Agreement [negatif]\")\n    def sign_agreement_negative_1(email, password, negative_test=False):\n        start_time = time.time()\n        browser = None\n        try:\n            with allure.step(f\"Sign Agreement with email: {email}\"):\n                service = Service(ChromeDriverManager().install(), log_path=os.devnull, service_args=[\"--disable-logging\"])\n                browser = webdriver.Chrome(service=service)\n                # browser = webdriver.Chrome(ChromeDriverManager().install())\n                browser.get(\"https://mekar-test.xyz/dashboard/\")\n                browser.maximize_window()\n                time.sleep(1)\n    \n    \n            with allure.step(\"Mengisi Email\"):\n                email_input = browser.find_element(By.XPATH, \"//input[@id='login_email']\")\n                slow_typing(email_input, email)\n    \n            with allure.step(\"Mengisi Password\"):\n                password_input = browser.find_element(By.XPATH, \"//input[@id='login_password']\")\n                slow_typing(password_input, password)\n                allure.attach(browser.get_screenshot_as_png(), name=\"Fill in Password\")\n    \n            with allure.step(\"Klik Tombol Login\"):\n                login_button = browser.find_element(By.XPATH, \"//body/div[@id='root']/div[1]/div[2]/div[1]/form[1]/div[5]/div[1]/div[1]/div[1]/button[1]\")\n                login_button.click()\n    \n                wait = WebDriverWait(browser, 20)\n                try:\n                    wait.until(EC.invisibility_of_element_located((By.XPATH, \"//body/div[@id='root']/div[1]/div[2]/div[1]/form[1]/div[5]/div[1]/div[1]/div[1]/button[1]\")))\n                except TimeoutException:\n                    allure.attach(browser.get_screenshot_as_png(), name=\"Login Button Not Disappeared\")\n                    raise TimeoutException(\"Login button did not disappear\")\n                allure.attach(browser.get_screenshot_as_png(), name=\"Popup Not Found\")\n    \n                try:\n                    popup = browser.find_element(By.CLASS_NAME, \"modal.multi-step.custom-modal.use-of-information\")\n                    if popup.is_displayed():\n                        with allure.step(\"Check Popup Tanda Tangan Perjanjian\"):\n                            agree_button = popup.find_element(By.XPATH, \"//button[contains(text(),'Agree')]\")\n                            agree_button.click()\n                            time.sleep(5)\n                except NoSuchElementException:\n                    pass\n    \n                # Check if Unexpected Element Appears\n                try:\n                    unexpected_element = browser.find_element(By.XPATH, \"//*[@id='myModal']/div/div/div/button\")\n                    if unexpected_element.is_displayed():\n>                       raise Exception(\"Unexpected Element Found\")\nE                       Exception: Unexpected Element Found\n\nLender-Subscription-FP.py:280: Exception","flaky":false,"newFailed":false,"newBroken":false,"newPassed":false,"retriesCount":1,"retriesStatusChange":false,"beforeStages":[{"name":"_session_faker","time":{"start":1686800180743,"stop":1686800180952,"duration":209},"status":"passed","steps":[],"attachments":[],"parameters":[],"hasContent":false,"stepsCount":0,"attachmentsCount":0,"shouldDisplayMessage":false}],"testStage":{"description":"\n    Melakukan login dengan user yang sudah terverified tetapi belum melengkapi bank_account.\n    (**expect:** tidak akan muncul popup perjanjian pada user, karena belum melengkapi bank_account)\n    \n    **Kondisi saat ini:**\n    [Menu Pengguna] -> [Menu Bank Account].\n    \n    Langkah-langkah ini meliputi ...\n\n","status":"broken","statusMessage":"Exception: Unexpected Element Found","statusTrace":"@allure.title(\"[TC-16] Login dengan user verified belum melengkapi bank_account **INSTITUSIONAL**\")\n    @allure.description(\"\"\"\n        Melakukan login dengan user yang sudah terverified tetapi belum melengkapi bank_account.\n        (**expect:** tidak akan muncul popup perjanjian pada user, karena belum melengkapi bank_account)\n    \n        **Kondisi saat ini:**\n        [Menu Pengguna] -> [Menu Bank Account].\n    \n        Langkah-langkah ini meliputi ...\n    \n    \"\"\")\n    def test_login_user_verified_insert_fullname_manual_INSTITUTIONAL7():\n        email = \"rramadan+testing@mekar.id\"\n        password = \"Testing1\"\n    \n        with allure.step(f\"Testing dengan email: {email}\"):\n>           browser = sign_agreement_negative_1(email, password, negative_test=True)\n\nLender-Subscription-FP.py:847: \n_ _ _ _ _ _ _ _ _ _ _ _ _ _ _ _ _ _ _ _ _ _ _ _ _ _ _ _ _ _ _ _ _ _ _ _ _ _ _ _ _ _ _ _ _ _ _ _ _ _ _ _ _ _ _ _ _ _ _ _ _ _ _ _ _ _ _ _ _ _ _ _ _ _ _ _ _ _ _ _ _ _ _ _ _ _ _ _ _ _ _ \n\nemail = 'rramadan+testing@mekar.id', password = 'Testing1', negative_test = True\n\n    @allure.title(\"Skenario Sign Agreement [negatif]\")\n    def sign_agreement_negative_1(email, password, negative_test=False):\n        start_time = time.time()\n        browser = None\n        try:\n            with allure.step(f\"Sign Agreement with email: {email}\"):\n                service = Service(ChromeDriverManager().install(), log_path=os.devnull, service_args=[\"--disable-logging\"])\n                browser = webdriver.Chrome(service=service)\n                # browser = webdriver.Chrome(ChromeDriverManager().install())\n                browser.get(\"https://mekar-test.xyz/dashboard/\")\n                browser.maximize_window()\n                time.sleep(1)\n    \n    \n            with allure.step(\"Mengisi Email\"):\n                email_input = browser.find_element(By.XPATH, \"//input[@id='login_email']\")\n                slow_typing(email_input, email)\n    \n            with allure.step(\"Mengisi Password\"):\n                password_input = browser.find_element(By.XPATH, \"//input[@id='login_password']\")\n                slow_typing(password_input, password)\n                allure.attach(browser.get_screenshot_as_png(), name=\"Fill in Password\")\n    \n            with allure.step(\"Klik Tombol Login\"):\n                login_button = browser.find_element(By.XPATH, \"//body/div[@id='root']/div[1]/div[2]/div[1]/form[1]/div[5]/div[1]/div[1]/div[1]/button[1]\")\n                login_button.click()\n    \n                wait = WebDriverWait(browser, 20)\n                try:\n                    wait.until(EC.invisibility_of_element_located((By.XPATH, \"//body/div[@id='root']/div[1]/div[2]/div[1]/form[1]/div[5]/div[1]/div[1]/div[1]/button[1]\")))\n                except TimeoutException:\n                    allure.attach(browser.get_screenshot_as_png(), name=\"Login Button Not Disappeared\")\n                    raise TimeoutException(\"Login button did not disappear\")\n                allure.attach(browser.get_screenshot_as_png(), name=\"Popup Not Found\")\n    \n                try:\n                    popup = browser.find_element(By.CLASS_NAME, \"modal.multi-step.custom-modal.use-of-information\")\n                    if popup.is_displayed():\n                        with allure.step(\"Check Popup Tanda Tangan Perjanjian\"):\n                            agree_button = popup.find_element(By.XPATH, \"//button[contains(text(),'Agree')]\")\n                            agree_button.click()\n                            time.sleep(5)\n                except NoSuchElementException:\n                    pass\n    \n                # Check if Unexpected Element Appears\n                try:\n                    unexpected_element = browser.find_element(By.XPATH, \"//*[@id='myModal']/div/div/div/button\")\n                    if unexpected_element.is_displayed():\n>                       raise Exception(\"Unexpected Element Found\")\nE                       Exception: Unexpected Element Found\n\nLender-Subscription-FP.py:280: Exception","steps":[{"name":"Testing dengan email: rramadan+testing@mekar.id","time":{"start":1686800396411,"stop":1686800425322,"duration":28911},"status":"broken","statusMessage":"Exception: Unexpected Element Found\n","statusTrace":"  File \"C:\\Users\\irsan\\PycharmProjects\\Selenium Python\\Testcase\\Lender-Subscription-FP.py\", line 847, in test_login_user_verified_insert_fullname_manual_INSTITUTIONAL7\n    browser = sign_agreement_negative_1(email, password, negative_test=True)\n  File \"C:\\Users\\irsan\\PycharmProjects\\Selenium Python\\Testcase\\Lender-Subscription-FP.py\", line 280, in sign_agreement_negative_1\n    raise Exception(\"Unexpected Element Found\")\n","steps":[{"name":"Sign Agreement with email: rramadan+testing@mekar.id","time":{"start":1686800396411,"stop":1686800402410,"duration":5999},"status":"passed","steps":[],"attachments":[],"parameters":[],"hasContent":false,"stepsCount":0,"attachmentsCount":0,"shouldDisplayMessage":false},{"name":"Mengisi Email","time":{"start":1686800402410,"stop":1686800404299,"duration":1889},"status":"passed","steps":[],"attachments":[],"parameters":[],"hasContent":false,"stepsCount":0,"attachmentsCount":0,"shouldDisplayMessage":false},{"name":"Mengisi Password","time":{"start":1686800404299,"stop":1686800405217,"duration":918},"status":"passed","steps":[],"attachments":[{"uid":"34bd34726978f8de","name":"Fill in Password","source":"34bd34726978f8de.attach","type":"image/png","size":125532}],"parameters":[],"hasContent":true,"stepsCount":0,"attachmentsCount":1,"shouldDisplayMessage":false},{"name":"Klik Tombol Login","time":{"start":1686800405217,"stop":1686800422985,"duration":17768},"status":"broken","statusMessage":"Exception: Unexpected Element Found\n","statusTrace":"  File \"C:\\Users\\irsan\\PycharmProjects\\Selenium Python\\Testcase\\Lender-Subscription-FP.py\", line 280, in sign_agreement_negative_1\n    raise Exception(\"Unexpected Element Found\")\n","steps":[],"attachments":[{"uid":"36fcded430e423a5","name":"Popup Not Found","source":"36fcded430e423a5.attach","type":"image/png","size":86596}],"parameters":[],"hasContent":true,"stepsCount":0,"attachmentsCount":1,"shouldDisplayMessage":true}],"attachments":[],"parameters":[],"hasContent":true,"stepsCount":4,"attachmentsCount":2,"shouldDisplayMessage":false}],"attachments":[],"parameters":[],"hasContent":true,"stepsCount":5,"attachmentsCount":2,"shouldDisplayMessage":true},"afterStages":[],"labels":[{"name":"suite","value":"Lender-Subscription-FP"},{"name":"host","value":"LAPTOP-1965Q82V"},{"name":"thread","value":"46564-MainThread"},{"name":"framework","value":"pytest"},{"name":"language","value":"cpython3"},{"name":"package","value":"Lender-Subscription-FP"},{"name":"resultFormat","value":"allure2"}],"parameters":[],"links":[],"hidden":false,"retry":false,"extra":{"severity":"normal","retries":[{"uid":"6e7b0f15f50a0af9","status":"broken","statusDetails":"Exception: Unexpected Element Found","time":{"start":1686797455059,"stop":1686797482219,"duration":27160}}],"categories":[{"name":"Test defects","matchedStatuses":[],"flaky":false}],"tags":[]},"source":"a6edcc54f642abaf.json","parameterValues":[]}